<?xml version="1.0" encoding="UTF-8"?>
<!-- Generated by org.testng.reporters.JUnitReportReporter -->
<testsuite skipped="0" hostname="Suuresh-PC" name="com.automation.AutomationPractice.TC002_PreviousOrders" tests="2" failures="0" timestamp="20 May 2018 10:56:28 GMT" time="214.928" errors="0">
  <testcase name="customerLogin" time="5.970" classname="com.automation.AutomationPractice.TC002_PreviousOrders"/>
  <testcase name="previousOrdersList" time="208.958" classname="com.automation.AutomationPractice.TC002_PreviousOrders"/>
</testsuite> <!-- com.automation.AutomationPractice.TC002_PreviousOrders -->
