<?xml version="1.0" encoding="UTF-8"?>
<!-- Generated by org.testng.reporters.JUnitReportReporter -->
<testsuite skipped="0" hostname="Suuresh-PC" name="com.automation.AutomationPractice.TC001_PurchaseTwoItems" tests="2" failures="0" timestamp="20 May 2018 10:56:28 GMT" time="31.716" errors="0">
  <testcase name="customerLogin" time="6.740" classname="com.automation.AutomationPractice.TC001_PurchaseTwoItems"/>
  <testcase name="purchaseTwoItems" time="24.976" classname="com.automation.AutomationPractice.TC001_PurchaseTwoItems"/>
</testsuite> <!-- com.automation.AutomationPractice.TC001_PurchaseTwoItems -->
